# JRE version: Java(TM) SE Runtime Environment (8.0_191-b12) (build 1.8.0_191-b12)
# Java VM: Java HotSpot(TM) 64-Bit Server VM (25.191-b12 mixed mode windows-amd64 compressed oops)
Heap:
 PSYoungGen      total 136704K, used 13865K [0x00000000d6780000, 0x00000000df680000, 0x0000000100000000)
  eden space 130048K, 5% used [0x00000000d6780000,0x00000000d6e8f8d8,0x00000000de680000)
  from space 6656K, 99% used [0x00000000dee00000,0x00000000df47ac38,0x00000000df480000)
  to   space 7680K, 0% used [0x00000000de680000,0x00000000de680000,0x00000000dee00000)
 ParOldGen       total 53248K, used 13826K [0x0000000083600000, 0x0000000086a00000, 0x00000000d6780000)
  object space 53248K, 25% used [0x0000000083600000,0x0000000084380930,0x0000000086a00000)
 Metaspace       used 31070K, capacity 32910K, committed 33024K, reserved 1077248K
  class space    used 4273K, capacity 4597K, committed 4608K, reserved 1048576K
GC Heap History (10 events):
Event: 3.153 GC heap before
{Heap before GC invocations=5 (full 0):
 PSYoungGen      total 70656K, used 70624K [0x00000000d6780000, 0x00000000db180000, 0x0000000100000000)
  eden space 65536K, 100% used [0x00000000d6780000,0x00000000da780000,0x00000000da780000)
  from space 5120K, 99% used [0x00000000dac80000,0x00000000db178188,0x00000000db180000)
  to   space 5120K, 0% used [0x00000000da780000,0x00000000da780000,0x00000000dac80000)
 ParOldGen       total 86016K, used 1943K [0x0000000083600000, 0x0000000088a00000, 0x00000000d6780000)
  object space 86016K, 2% used [0x0000000083600000,0x00000000837e5c08,0x0000000088a00000)
 Metaspace       used 16476K, capacity 17282K, committed 17536K, reserved 1064960K
  class space    used 2125K, capacity 2321K, committed 2432K, reserved 1048576K
Event: 3.179 GC heap after
Heap after GC invocations=5 (full 0):
 PSYoungGen      total 70656K, used 5111K [0x00000000d6780000, 0x00000000df480000, 0x0000000100000000)
  eden space 65536K, 0% used [0x00000000d6780000,0x00000000d6780000,0x00000000da780000)
  from space 5120K, 99% used [0x00000000da780000,0x00000000dac7dfc8,0x00000000dac80000)
  to   space 6656K, 0% used [0x00000000dee00000,0x00000000dee00000,0x00000000df480000)
 ParOldGen       total 86016K, used 2737K [0x0000000083600000, 0x0000000088a00000, 0x00000000d6780000)
  object space 86016K, 3% used [0x0000000083600000,0x00000000838ac630,0x0000000088a00000)
 Metaspace       used 16476K, capacity 17282K, committed 17536K, reserved 1064960K
  class space    used 2125K, capacity 2321K, committed 2432K, reserved 1048576K
}
Event: 3.862 GC heap before
{Heap before GC invocations=6 (full 0):
 PSYoungGen      total 70656K, used 70647K [0x00000000d6780000, 0x00000000df480000, 0x0000000100000000)
  eden space 65536K, 100% used [0x00000000d6780000,0x00000000da780000,0x00000000da780000)
  from space 5120K, 99% used [0x00000000da780000,0x00000000dac7dfc8,0x00000000dac80000)
  to   space 6656K, 0% used [0x00000000dee00000,0x00000000dee00000,0x00000000df480000)
 ParOldGen       total 86016K, used 2737K [0x0000000083600000, 0x0000000088a00000, 0x00000000d6780000)
  object space 86016K, 3% used [0x0000000083600000,0x00000000838ac630,0x0000000088a00000)
 Metaspace       used 18414K, capacity 19426K, committed 19584K, reserved 1067008K
  class space    used 2431K, capacity 2641K, committed 2688K, reserved 1048576K
Event: 3.888 GC heap after
Heap after GC invocations=6 (full 0):
 PSYoungGen      total 136704K, used 6655K [0x00000000d6780000, 0x00000000df680000, 0x0000000100000000)
  eden space 130048K, 0% used [0x00000000d6780000,0x00000000d6780000,0x00000000de680000)
  from space 6656K, 99% used [0x00000000dee00000,0x00000000df47fc68,0x00000000df480000)
  to   space 7680K, 0% used [0x00000000de680000,0x00000000de680000,0x00000000dee00000)
 ParOldGen       total 86016K, used 3815K [0x0000000083600000, 0x0000000088a00000, 0x00000000d6780000)
  object space 86016K, 4% used [0x0000000083600000,0x00000000839b9d48,0x0000000088a00000)
 Metaspace       used 18414K, capacity 19426K, committed 19584K, reserved 1067008K
  class space    used 2431K, capacity 2641K, committed 2688K, reserved 1048576K
}
Event: 4.463 GC heap before
{Heap before GC invocations=7 (full 0):
 PSYoungGen      total 136704K, used 29942K [0x00000000d6780000, 0x00000000df680000, 0x0000000100000000)
  eden space 130048K, 17% used [0x00000000d6780000,0x00000000d7e3dd48,0x00000000de680000)
  from space 6656K, 99% used [0x00000000dee00000,0x00000000df47fc68,0x00000000df480000)
  to   space 7680K, 0% used [0x00000000de680000,0x00000000de680000,0x00000000dee00000)
 ParOldGen       total 86016K, used 3815K [0x0000000083600000, 0x0000000088a00000, 0x00000000d6780000)
  object space 86016K, 4% used [0x0000000083600000,0x00000000839b9d48,0x0000000088a00000)
 Metaspace       used 20180K, capacity 21262K, committed 21296K, reserved 1067008K
  class space    used 2692K, capacity 2929K, committed 2944K, reserved 1048576K
Event: 6.482 GC heap after
Heap after GC invocations=7 (full 0):
 PSYoungGen      total 137728K, used 5123K [0x00000000d6780000, 0x00000000df680000, 0x0000000100000000)
  eden space 130048K, 0% used [0x00000000d6780000,0x00000000d6780000,0x00000000de680000)
  from space 7680K, 66% used [0x00000000de680000,0x00000000deb80f00,0x00000000dee00000)
  to   space 6656K, 0% used [0x00000000dee00000,0x00000000dee00000,0x00000000df480000)
 ParOldGen       total 86016K, used 6760K [0x0000000083600000, 0x0000000088a00000, 0x00000000d6780000)
  object space 86016K, 7% used [0x0000000083600000,0x0000000083c9a380,0x0000000088a00000)
 Metaspace       used 20180K, capacity 21262K, committed 21296K, reserved 1067008K
  class space    used 2692K, capacity 2929K, committed 2944K, reserved 1048576K
}
Event: 6.482 GC heap before
{Heap before GC invocations=8 (full 1):
 PSYoungGen      total 137728K, used 5123K [0x00000000d6780000, 0x00000000df680000, 0x0000000100000000)
  eden space 130048K, 0% used [0x00000000d6780000,0x00000000d6780000,0x00000000de680000)
  from space 7680K, 66% used [0x00000000de680000,0x00000000deb80f00,0x00000000dee00000)
  to   space 6656K, 0% used [0x00000000dee00000,0x00000000dee00000,0x00000000df480000)
 ParOldGen       total 86016K, used 6760K [0x0000000083600000, 0x0000000088a00000, 0x00000000d6780000)
  object space 86016K, 7% used [0x0000000083600000,0x0000000083c9a380,0x0000000088a00000)
 Metaspace       used 20180K, capacity 21262K, committed 21296K, reserved 1067008K
  class space    used 2692K, capacity 2929K, committed 2944K, reserved 1048576K
Event: 6.559 GC heap after
Heap after GC invocations=8 (full 1):
 PSYoungGen      total 137728K, used 0K [0x00000000d6780000, 0x00000000df680000, 0x0000000100000000)
  eden space 130048K, 0% used [0x00000000d6780000,0x00000000d6780000,0x00000000de680000)
  from space 7680K, 0% used [0x00000000de680000,0x00000000de680000,0x00000000dee00000)
  to   space 6656K, 0% used [0x00000000dee00000,0x00000000dee00000,0x00000000df480000)
 ParOldGen       total 53248K, used 7965K [0x0000000083600000, 0x0000000086a00000, 0x00000000d6780000)
  object space 53248K, 14% used [0x0000000083600000,0x0000000083dc7660,0x0000000086a00000)
 Metaspace       used 20180K, capacity 21262K, committed 21296K, reserved 1067008K
  class space    used 2692K, capacity 2929K, committed 2944K, reserved 1048576K
}
Event: 9.066 GC heap before
{Heap before GC invocations=9 (full 1):
 PSYoungGen      total 137728K, used 130048K [0x00000000d6780000, 0x00000000df680000, 0x0000000100000000)
  eden space 130048K, 100% used [0x00000000d6780000,0x00000000de680000,0x00000000de680000)
  from space 7680K, 0% used [0x00000000de680000,0x00000000de680000,0x00000000dee00000)
  to   space 6656K, 0% used [0x00000000dee00000,0x00000000dee00000,0x00000000df480000)
 ParOldGen       total 53248K, used 7965K [0x0000000083600000, 0x0000000086a00000, 0x00000000d6780000)
  object space 53248K, 14% used [0x0000000083600000,0x0000000083dc7660,0x0000000086a00000)
 Metaspace       used 30494K, capacity 32328K, committed 32512K, reserved 1077248K
  class space    used 4211K, capacity 4532K, committed 4608K, reserved 1048576K
Event: 11.088 GC heap after
Heap after GC invocations=9 (full 1):
 PSYoungGen      total 136704K, used 6635K [0x00000000d6780000, 0x00000000df680000, 0x0000000100000000)
  eden space 130048K, 0% used [0x00000000d6780000,0x00000000d6780000,0x00000000de680000)
  from space 6656K, 99% used [0x00000000dee00000,0x00000000df47ac38,0x00000000df480000)
  to   space 7680K, 0% used [0x00000000de680000,0x00000000de680000,0x00000000dee00000)
 ParOldGen       total 53248K, used 13826K [0x0000000083600000, 0x0000000086a00000, 0x00000000d6780000)
  object space 53248K, 25% used [0x0000000083600000,0x0000000084380930,0x0000000086a00000)
 Metaspace       used 30494K, capacity 32328K, committed 32512K, reserved 1077248K
  class space    used 4211K, capacity 4532K, committed 4608K, reserved 1048576K
}

